# JRE version: OpenJDK Runtime Environment (8.0_222-b10) (build 1.8.0_222-8u222-b10-1~deb9u1-b10)
# Java VM: OpenJDK 64-Bit Server VM (25.222-b10 mixed mode linux-amd64 compressed oops)
Heap:
 def new generation   total 314560K, used 110633K [0x00000000c0000000, 0x00000000d5550000, 0x00000000d5550000)
  eden space 279616K,  35% used [0x00000000c0000000, 0x00000000c610efe0, 0x00000000d1110000)
  from space 34944K,  32% used [0x00000000d1110000, 0x00000000d1c0b7b8, 0x00000000d3330000)
  to   space 34944K,   0% used [0x00000000d3330000, 0x00000000d3330000, 0x00000000d5550000)
 tenured generation   total 699072K, used 375578K [0x00000000d5550000, 0x0000000100000000, 0x0000000100000000)
   the space 699072K,  53% used [0x00000000d5550000, 0x00000000ec416860, 0x00000000ec416a00, 0x0000000100000000)
 Metaspace       used 53473K, capacity 58805K, committed 58880K, reserved 1099776K
  class space    used 7324K, capacity 8679K, committed 8704K, reserved 1048576K
GC Heap History (10 events):
Event: 1553.997 GC heap before
{Heap before GC invocations=461 (full 2):
 def new generation   total 314560K, used 302712K [0x00000000c0000000, 0x00000000d5550000, 0x00000000d5550000)
  eden space 279616K, 100% used [0x00000000c0000000, 0x00000000d1110000, 0x00000000d1110000)
  from space 34944K,  66% used [0x00000000d3330000, 0x00000000d49be1c0, 0x00000000d5550000)
  to   space 34944K,   0% used [0x00000000d1110000, 0x00000000d1110000, 0x00000000d3330000)
 tenured generation   total 699072K, used 368842K [0x00000000d5550000, 0x0000000100000000, 0x0000000100000000)
   the space 699072K,  52% used [0x00000000d5550000, 0x00000000ebd829f0, 0x00000000ebd82a00, 0x0000000100000000)
 Metaspace       used 53470K, capacity 58805K, committed 58880K, reserved 1099776K
  class space    used 7324K, capacity 8679K, committed 8704K, reserved 1048576K
Event: 1554.046 GC heap after
Heap after GC invocations=462 (full 2):
 def new generation   total 314560K, used 7389K [0x00000000c0000000, 0x00000000d5550000, 0x00000000d5550000)
  eden space 279616K,   0% used [0x00000000c0000000, 0x00000000c0000000, 0x00000000d1110000)
  from space 34944K,  21% used [0x00000000d1110000, 0x00000000d1847700, 0x00000000d3330000)
  to   space 34944K,   0% used [0x00000000d3330000, 0x00000000d3330000, 0x00000000d5550000)
 tenured generation   total 699072K, used 375578K [0x00000000d5550000, 0x0000000100000000, 0x0000000100000000)
   the space 699072K,  53% used [0x00000000d5550000, 0x00000000ec416860, 0x00000000ec416a00, 0x0000000100000000)
 Metaspace       used 53470K, capacity 58805K, committed 58880K, reserved 1099776K
  class space    used 7324K, capacity 8679K, committed 8704K, reserved 1048576K
}
Event: 1556.119 GC heap before
{Heap before GC invocations=462 (full 2):
 def new generation   total 314560K, used 287005K [0x00000000c0000000, 0x00000000d5550000, 0x00000000d5550000)
  eden space 279616K, 100% used [0x00000000c0000000, 0x00000000d1110000, 0x00000000d1110000)
  from space 34944K,  21% used [0x00000000d1110000, 0x00000000d1847700, 0x00000000d3330000)
  to   space 34944K,   0% used [0x00000000d3330000, 0x00000000d3330000, 0x00000000d5550000)
 tenured generation   total 699072K, used 375578K [0x00000000d5550000, 0x0000000100000000, 0x0000000100000000)
   the space 699072K,  53% used [0x00000000d5550000, 0x00000000ec416860, 0x00000000ec416a00, 0x0000000100000000)
 Metaspace       used 53470K, capacity 58805K, committed 58880K, reserved 1099776K
  class space    used 7324K, capacity 8679K, committed 8704K, reserved 1048576K
Event: 1556.203 GC heap after
Heap after GC invocations=463 (full 2):
 def new generation   total 314560K, used 7531K [0x00000000c0000000, 0x00000000d5550000, 0x00000000d5550000)
  eden space 279616K,   0% used [0x00000000c0000000, 0x00000000c0000000, 0x00000000d1110000)
  from space 34944K,  21% used [0x00000000d3330000, 0x00000000d3a8ad38, 0x00000000d5550000)
  to   space 34944K,   0% used [0x00000000d1110000, 0x00000000d1110000, 0x00000000d3330000)
 tenured generation   total 699072K, used 375578K [0x00000000d5550000, 0x0000000100000000, 0x0000000100000000)
   the space 699072K,  53% used [0x00000000d5550000, 0x00000000ec416860, 0x00000000ec416a00, 0x0000000100000000)
 Metaspace       used 53470K, capacity 58805K, committed 58880K, reserved 1099776K
  class space    used 7324K, capacity 8679K, committed 8704K, reserved 1048576K
}
Event: 1558.282 GC heap before
{Heap before GC invocations=463 (full 2):
 def new generation   total 314560K, used 287147K [0x00000000c0000000, 0x00000000d5550000, 0x00000000d5550000)
  eden space 279616K, 100% used [0x00000000c0000000, 0x00000000d1110000, 0x00000000d1110000)
  from space 34944K,  21% used [0x00000000d3330000, 0x00000000d3a8ad38, 0x00000000d5550000)
  to   space 34944K,   0% used [0x00000000d1110000, 0x00000000d1110000, 0x00000000d3330000)
 tenured generation   total 699072K, used 375578K [0x00000000d5550000, 0x0000000100000000, 0x0000000100000000)
   the space 699072K,  53% used [0x00000000d5550000, 0x00000000ec416860, 0x00000000ec416a00, 0x0000000100000000)
 Metaspace       used 53470K, capacity 58805K, committed 58880K, reserved 1099776K
  class space    used 7324K, capacity 8679K, committed 8704K, reserved 1048576K
Event: 1558.364 GC heap after
Heap after GC invocations=464 (full 2):
 def new generation   total 314560K, used 8027K [0x00000000c0000000, 0x00000000d5550000, 0x00000000d5550000)
  eden space 279616K,   0% used [0x00000000c0000000, 0x00000000c0000000, 0x00000000d1110000)
  from space 34944K,  22% used [0x00000000d1110000, 0x00000000d18e6f98, 0x00000000d3330000)
  to   space 34944K,   0% used [0x00000000d3330000, 0x00000000d3330000, 0x00000000d5550000)
 tenured generation   total 699072K, used 375578K [0x00000000d5550000, 0x0000000100000000, 0x0000000100000000)
   the space 699072K,  53% used [0x00000000d5550000, 0x00000000ec416860, 0x00000000ec416a00, 0x0000000100000000)
 Metaspace       used 53470K, capacity 58805K, committed 58880K, reserved 1099776K
  class space    used 7324K, capacity 8679K, committed 8704K, reserved 1048576K
}
Event: 1560.439 GC heap before
{Heap before GC invocations=464 (full 2):
 def new generation   total 314560K, used 287643K [0x00000000c0000000, 0x00000000d5550000, 0x00000000d5550000)
  eden space 279616K, 100% used [0x00000000c0000000, 0x00000000d1110000, 0x00000000d1110000)
  from space 34944K,  22% used [0x00000000d1110000, 0x00000000d18e6f98, 0x00000000d3330000)
  to   space 34944K,   0% used [0x00000000d3330000, 0x00000000d3330000, 0x00000000d5550000)
 tenured generation   total 699072K, used 375578K [0x00000000d5550000, 0x0000000100000000, 0x0000000100000000)
   the space 699072K,  53% used [0x00000000d5550000, 0x00000000ec416860, 0x00000000ec416a00, 0x0000000100000000)
 Metaspace       used 53471K, capacity 58805K, committed 58880K, reserved 1099776K
  class space    used 7324K, capacity 8679K, committed 8704K, reserved 1048576K
Event: 1560.527 GC heap after
Heap after GC invocations=465 (full 2):
 def new generation   total 314560K, used 10138K [0x00000000c0000000, 0x00000000d5550000, 0x00000000d5550000)
  eden space 279616K,   0% used [0x00000000c0000000, 0x00000000c0000000, 0x00000000d1110000)
  from space 34944K,  29% used [0x00000000d3330000, 0x00000000d3d16a08, 0x00000000d5550000)
  to   space 34944K,   0% used [0x00000000d1110000, 0x00000000d1110000, 0x00000000d3330000)
 tenured generation   total 699072K, used 375578K [0x00000000d5550000, 0x0000000100000000, 0x0000000100000000)
   the space 699072K,  53% used [0x00000000d5550000, 0x00000000ec416860, 0x00000000ec416a00, 0x0000000100000000)
 Metaspace       used 53471K, capacity 58805K, committed 58880K, reserved 1099776K
  class space    used 7324K, capacity 8679K, committed 8704K, reserved 1048576K
}
Event: 1568.447 GC heap before
{Heap before GC invocations=465 (full 2):
 def new generation   total 314560K, used 287820K [0x00000000c0000000, 0x00000000d5550000, 0x00000000d5550000)
  eden space 279616K,  99% used [0x00000000c0000000, 0x00000000d0f2c6d8, 0x00000000d1110000)
  from space 34944K,  29% used [0x00000000d3330000, 0x00000000d3d16a08, 0x00000000d5550000)
  to   space 34944K,   0% used [0x00000000d1110000, 0x00000000d1110000, 0x00000000d3330000)
 tenured generation   total 699072K, used 375578K [0x00000000d5550000, 0x0000000100000000, 0x0000000100000000)
   the space 699072K,  53% used [0x00000000d5550000, 0x00000000ec416860, 0x00000000ec416a00, 0x0000000100000000)
 Metaspace       used 53472K, capacity 58805K, committed 58880K, reserved 1099776K
  class space    used 7324K, capacity 8679K, committed 8704K, reserved 1048576K
Event: 1568.531 GC heap after
Heap after GC invocations=466 (full 2):
 def new generation   total 314560K, used 11245K [0x00000000c0000000, 0x00000000d5550000, 0x00000000d5550000)
  eden space 279616K,   0% used [0x00000000c0000000, 0x00000000c0000000, 0x00000000d1110000)
  from space 34944K,  32% used [0x00000000d1110000, 0x00000000d1c0b7b8, 0x00000000d3330000)
  to   space 34944K,   0% used [0x00000000d3330000, 0x00000000d3330000, 0x00000000d5550000)
 tenured generation   total 699072K, used 375578K [0x00000000d5550000, 0x0000000100000000, 0x0000000100000000)
   the space 699072K,  53% used [0x00000000d5550000, 0x00000000ec416860, 0x00000000ec416a00, 0x0000000100000000)
 Metaspace       used 53472K, capacity 58805K, committed 58880K, reserved 1099776K
  class space    used 7324K, capacity 8679K, committed 8704K, reserved 1048576K
}

