# JRE version: OpenJDK Runtime Environment (8.0_222-b10) (build 1.8.0_222-8u222-b10-1~deb9u1-b10)
# Java VM: OpenJDK 64-Bit Server VM (25.222-b10 mixed mode linux-amd64 compressed oops)
Heap:
 def new generation   total 314560K, used 287153K [0x00000000c0000000, 0x00000000d5550000, 0x00000000d5550000)
  eden space 279616K, 100% used [0x00000000c0000000, 0x00000000d1110000, 0x00000000d1110000)
  from space 34944K,  21% used [0x00000000d1110000, 0x00000000d186c698, 0x00000000d3330000)
  to   space 34944K,   0% used [0x00000000d3330000, 0x00000000d3330000, 0x00000000d5550000)
 tenured generation   total 699072K, used 366980K [0x00000000d5550000, 0x0000000100000000, 0x0000000100000000)
   the space 699072K,  52% used [0x00000000d5550000, 0x00000000ebbb10a0, 0x00000000ebbb1200, 0x0000000100000000)
 Metaspace       used 53315K, capacity 58633K, committed 58880K, reserved 1099776K
  class space    used 7325K, capacity 8673K, committed 8704K, reserved 1048576K
GC Heap History (10 events):
Event: 557.339 GC heap before
{Heap before GC invocations=271 (full 2):
 def new generation   total 314560K, used 287106K [0x00000000c0000000, 0x00000000d5550000, 0x00000000d5550000)
  eden space 279616K, 100% used [0x00000000c0000000, 0x00000000d1110000, 0x00000000d1110000)
  from space 34944K,  21% used [0x00000000d3330000, 0x00000000d3a80b60, 0x00000000d5550000)
  to   space 34944K,   0% used [0x00000000d1110000, 0x00000000d1110000, 0x00000000d3330000)
 tenured generation   total 699072K, used 366337K [0x00000000d5550000, 0x0000000100000000, 0x0000000100000000)
   the space 699072K,  52% used [0x00000000d5550000, 0x00000000ebb10450, 0x00000000ebb10600, 0x0000000100000000)
 Metaspace       used 53315K, capacity 58633K, committed 58880K, reserved 1099776K
  class space    used 7325K, capacity 8673K, committed 8704K, reserved 1048576K
Event: 557.352 GC heap after
Heap after GC invocations=272 (full 2):
 def new generation   total 314560K, used 7435K [0x00000000c0000000, 0x00000000d5550000, 0x00000000d5550000)
  eden space 279616K,   0% used [0x00000000c0000000, 0x00000000c0000000, 0x00000000d1110000)
  from space 34944K,  21% used [0x00000000d1110000, 0x00000000d1852d70, 0x00000000d3330000)
  to   space 34944K,   0% used [0x00000000d3330000, 0x00000000d3330000, 0x00000000d5550000)
 tenured generation   total 699072K, used 366507K [0x00000000d5550000, 0x0000000100000000, 0x0000000100000000)
   the space 699072K,  52% used [0x00000000d5550000, 0x00000000ebb3ace0, 0x00000000ebb3ae00, 0x0000000100000000)
 Metaspace       used 53315K, capacity 58633K, committed 58880K, reserved 1099776K
  class space    used 7325K, capacity 8673K, committed 8704K, reserved 1048576K
}
Event: 559.636 GC heap before
{Heap before GC invocations=272 (full 2):
 def new generation   total 314560K, used 287051K [0x00000000c0000000, 0x00000000d5550000, 0x00000000d5550000)
  eden space 279616K, 100% used [0x00000000c0000000, 0x00000000d1110000, 0x00000000d1110000)
  from space 34944K,  21% used [0x00000000d1110000, 0x00000000d1852d70, 0x00000000d3330000)
  to   space 34944K,   0% used [0x00000000d3330000, 0x00000000d3330000, 0x00000000d5550000)
 tenured generation   total 699072K, used 366507K [0x00000000d5550000, 0x0000000100000000, 0x0000000100000000)
   the space 699072K,  52% used [0x00000000d5550000, 0x00000000ebb3ace0, 0x00000000ebb3ae00, 0x0000000100000000)
 Metaspace       used 53315K, capacity 58633K, committed 58880K, reserved 1099776K
  class space    used 7325K, capacity 8673K, committed 8704K, reserved 1048576K
Event: 559.648 GC heap after
Heap after GC invocations=273 (full 2):
 def new generation   total 314560K, used 7467K [0x00000000c0000000, 0x00000000d5550000, 0x00000000d5550000)
  eden space 279616K,   0% used [0x00000000c0000000, 0x00000000c0000000, 0x00000000d1110000)
  from space 34944K,  21% used [0x00000000d3330000, 0x00000000d3a7ad30, 0x00000000d5550000)
  to   space 34944K,   0% used [0x00000000d1110000, 0x00000000d1110000, 0x00000000d3330000)
 tenured generation   total 699072K, used 366623K [0x00000000d5550000, 0x0000000100000000, 0x0000000100000000)
   the space 699072K,  52% used [0x00000000d5550000, 0x00000000ebb57db8, 0x00000000ebb57e00, 0x0000000100000000)
 Metaspace       used 53315K, capacity 58633K, committed 58880K, reserved 1099776K
  class space    used 7325K, capacity 8673K, committed 8704K, reserved 1048576K
}
Event: 561.983 GC heap before
{Heap before GC invocations=273 (full 2):
 def new generation   total 314560K, used 287089K [0x00000000c0000000, 0x00000000d5550000, 0x00000000d5550000)
  eden space 279616K, 100% used [0x00000000c0000000, 0x00000000d1110000, 0x00000000d1110000)
  from space 34944K,  21% used [0x00000000d3330000, 0x00000000d3a7c558, 0x00000000d5550000)
  to   space 34944K,   0% used [0x00000000d1110000, 0x00000000d1110000, 0x00000000d3330000)
 tenured generation   total 699072K, used 366623K [0x00000000d5550000, 0x0000000100000000, 0x0000000100000000)
   the space 699072K,  52% used [0x00000000d5550000, 0x00000000ebb57db8, 0x00000000ebb57e00, 0x0000000100000000)
 Metaspace       used 53315K, capacity 58633K, committed 58880K, reserved 1099776K
  class space    used 7325K, capacity 8673K, committed 8704K, reserved 1048576K
Event: 561.995 GC heap after
Heap after GC invocations=274 (full 2):
 def new generation   total 314560K, used 7729K [0x00000000c0000000, 0x00000000d5550000, 0x00000000d5550000)
  eden space 279616K,   0% used [0x00000000c0000000, 0x00000000c0000000, 0x00000000d1110000)
  from space 34944K,  22% used [0x00000000d1110000, 0x00000000d189c498, 0x00000000d3330000)
  to   space 34944K,   0% used [0x00000000d3330000, 0x00000000d3330000, 0x00000000d5550000)
 tenured generation   total 699072K, used 366793K [0x00000000d5550000, 0x0000000100000000, 0x0000000100000000)
   the space 699072K,  52% used [0x00000000d5550000, 0x00000000ebb82420, 0x00000000ebb82600, 0x0000000100000000)
 Metaspace       used 53315K, capacity 58633K, committed 58880K, reserved 1099776K
  class space    used 7325K, capacity 8673K, committed 8704K, reserved 1048576K
}
Event: 564.254 GC heap before
{Heap before GC invocations=274 (full 2):
 def new generation   total 314560K, used 287345K [0x00000000c0000000, 0x00000000d5550000, 0x00000000d5550000)
  eden space 279616K, 100% used [0x00000000c0000000, 0x00000000d1110000, 0x00000000d1110000)
  from space 34944K,  22% used [0x00000000d1110000, 0x00000000d189c498, 0x00000000d3330000)
  to   space 34944K,   0% used [0x00000000d3330000, 0x00000000d3330000, 0x00000000d5550000)
 tenured generation   total 699072K, used 366793K [0x00000000d5550000, 0x0000000100000000, 0x0000000100000000)
   the space 699072K,  52% used [0x00000000d5550000, 0x00000000ebb82420, 0x00000000ebb82600, 0x0000000100000000)
 Metaspace       used 53315K, capacity 58633K, committed 58880K, reserved 1099776K
  class space    used 7325K, capacity 8673K, committed 8704K, reserved 1048576K
Event: 564.266 GC heap after
Heap after GC invocations=275 (full 2):
 def new generation   total 314560K, used 7228K [0x00000000c0000000, 0x00000000d5550000, 0x00000000d5550000)
  eden space 279616K,   0% used [0x00000000c0000000, 0x00000000c0000000, 0x00000000d1110000)
  from space 34944K,  20% used [0x00000000d3330000, 0x00000000d3a3f0b0, 0x00000000d5550000)
  to   space 34944K,   0% used [0x00000000d1110000, 0x00000000d1110000, 0x00000000d3330000)
 tenured generation   total 699072K, used 366899K [0x00000000d5550000, 0x0000000100000000, 0x0000000100000000)
   the space 699072K,  52% used [0x00000000d5550000, 0x00000000ebb9cd50, 0x00000000ebb9ce00, 0x0000000100000000)
 Metaspace       used 53315K, capacity 58633K, committed 58880K, reserved 1099776K
  class space    used 7325K, capacity 8673K, committed 8704K, reserved 1048576K
}
Event: 566.645 GC heap before
{Heap before GC invocations=275 (full 2):
 def new generation   total 314560K, used 286844K [0x00000000c0000000, 0x00000000d5550000, 0x00000000d5550000)
  eden space 279616K, 100% used [0x00000000c0000000, 0x00000000d1110000, 0x00000000d1110000)
  from space 34944K,  20% used [0x00000000d3330000, 0x00000000d3a3f0b0, 0x00000000d5550000)
  to   space 34944K,   0% used [0x00000000d1110000, 0x00000000d1110000, 0x00000000d3330000)
 tenured generation   total 699072K, used 366899K [0x00000000d5550000, 0x0000000100000000, 0x0000000100000000)
   the space 699072K,  52% used [0x00000000d5550000, 0x00000000ebb9cd50, 0x00000000ebb9ce00, 0x0000000100000000)
 Metaspace       used 53315K, capacity 58633K, committed 58880K, reserved 1099776K
  class space    used 7325K, capacity 8673K, committed 8704K, reserved 1048576K
Event: 566.657 GC heap after
Heap after GC invocations=276 (full 2):
 def new generation   total 314560K, used 7537K [0x00000000c0000000, 0x00000000d5550000, 0x00000000d5550000)
  eden space 279616K,   0% used [0x00000000c0000000, 0x00000000c0000000, 0x00000000d1110000)
  from space 34944K,  21% used [0x00000000d1110000, 0x00000000d186c698, 0x00000000d3330000)
  to   space 34944K,   0% used [0x00000000d3330000, 0x00000000d3330000, 0x00000000d5550000)
 tenured generation   total 699072K, used 366980K [0x00000000d5550000, 0x0000000100000000, 0x0000000100000000)
   the space 699072K,  52% used [0x00000000d5550000, 0x00000000ebbb10a0, 0x00000000ebbb1200, 0x0000000100000000)
 Metaspace       used 53315K, capacity 58633K, committed 58880K, reserved 1099776K
  class space    used 7325K, capacity 8673K, committed 8704K, reserved 1048576K
}

