# JRE version: OpenJDK Runtime Environment (8.0_222-b10) (build 1.8.0_222-8u222-b10-1~deb9u1-b10)
# Java VM: OpenJDK 64-Bit Server VM (25.222-b10 mixed mode linux-amd64 compressed oops)
Heap:
 def new generation   total 314560K, used 51175K [0x00000000c0000000, 0x00000000d5550000, 0x00000000d5550000)
  eden space 279616K,  10% used [0x00000000c0000000, 0x00000000c1d1e7f8, 0x00000000d1110000)
  from space 34944K,  61% used [0x00000000d1110000, 0x00000000d25eb6f8, 0x00000000d3330000)
  to   space 34944K,   0% used [0x00000000d3330000, 0x00000000d3330000, 0x00000000d5550000)
 tenured generation   total 699072K, used 371217K [0x00000000d5550000, 0x0000000100000000, 0x0000000100000000)
   the space 699072K,  53% used [0x00000000d5550000, 0x00000000ebfd4710, 0x00000000ebfd4800, 0x0000000100000000)
 Metaspace       used 53093K, capacity 58270K, committed 58416K, reserved 1099776K
  class space    used 7305K, capacity 8632K, committed 8752K, reserved 1048576K
GC Heap History (10 events):
Event: 594.569 GC heap before
{Heap before GC invocations=289 (full 2):
 def new generation   total 314560K, used 296557K [0x00000000c0000000, 0x00000000d5550000, 0x00000000d5550000)
  eden space 279616K, 100% used [0x00000000c0000000, 0x00000000d1110000, 0x00000000d1110000)
  from space 34944K,  48% used [0x00000000d3330000, 0x00000000d43bb400, 0x00000000d5550000)
  to   space 34944K,   0% used [0x00000000d1110000, 0x00000000d1110000, 0x00000000d3330000)
 tenured generation   total 699072K, used 365071K [0x00000000d5550000, 0x0000000100000000, 0x0000000100000000)
   the space 699072K,  52% used [0x00000000d5550000, 0x00000000eb9d3fa8, 0x00000000eb9d4000, 0x0000000100000000)
 Metaspace       used 53073K, capacity 58266K, committed 58416K, reserved 1099776K
  class space    used 7305K, capacity 8632K, committed 8752K, reserved 1048576K
Event: 594.593 GC heap after
Heap after GC invocations=290 (full 2):
 def new generation   total 314560K, used 18235K [0x00000000c0000000, 0x00000000d5550000, 0x00000000d5550000)
  eden space 279616K,   0% used [0x00000000c0000000, 0x00000000c0000000, 0x00000000d1110000)
  from space 34944K,  52% used [0x00000000d1110000, 0x00000000d22dee90, 0x00000000d3330000)
  to   space 34944K,   0% used [0x00000000d3330000, 0x00000000d3330000, 0x00000000d5550000)
 tenured generation   total 699072K, used 365112K [0x00000000d5550000, 0x0000000100000000, 0x0000000100000000)
   the space 699072K,  52% used [0x00000000d5550000, 0x00000000eb9de170, 0x00000000eb9de200, 0x0000000100000000)
 Metaspace       used 53073K, capacity 58266K, committed 58416K, reserved 1099776K
  class space    used 7305K, capacity 8632K, committed 8752K, reserved 1048576K
}
Event: 596.296 GC heap before
{Heap before GC invocations=290 (full 2):
 def new generation   total 314560K, used 297851K [0x00000000c0000000, 0x00000000d5550000, 0x00000000d5550000)
  eden space 279616K, 100% used [0x00000000c0000000, 0x00000000d1110000, 0x00000000d1110000)
  from space 34944K,  52% used [0x00000000d1110000, 0x00000000d22dee90, 0x00000000d3330000)
  to   space 34944K,   0% used [0x00000000d3330000, 0x00000000d3330000, 0x00000000d5550000)
 tenured generation   total 699072K, used 365112K [0x00000000d5550000, 0x0000000100000000, 0x0000000100000000)
   the space 699072K,  52% used [0x00000000d5550000, 0x00000000eb9de170, 0x00000000eb9de200, 0x0000000100000000)
 Metaspace       used 53073K, capacity 58266K, committed 58416K, reserved 1099776K
  class space    used 7305K, capacity 8632K, committed 8752K, reserved 1048576K
Event: 596.318 GC heap after
Heap after GC invocations=291 (full 2):
 def new generation   total 314560K, used 17110K [0x00000000c0000000, 0x00000000d5550000, 0x00000000d5550000)
  eden space 279616K,   0% used [0x00000000c0000000, 0x00000000c0000000, 0x00000000d1110000)
  from space 34944K,  48% used [0x00000000d3330000, 0x00000000d43e5988, 0x00000000d5550000)
  to   space 34944K,   0% used [0x00000000d1110000, 0x00000000d1110000, 0x00000000d3330000)
 tenured generation   total 699072K, used 366395K [0x00000000d5550000, 0x0000000100000000, 0x0000000100000000)
   the space 699072K,  52% used [0x00000000d5550000, 0x00000000ebb1efa8, 0x00000000ebb1f000, 0x0000000100000000)
 Metaspace       used 53073K, capacity 58266K, committed 58416K, reserved 1099776K
  class space    used 7305K, capacity 8632K, committed 8752K, reserved 1048576K
}
Event: 598.410 GC heap before
{Heap before GC invocations=291 (full 2):
 def new generation   total 314560K, used 296726K [0x00000000c0000000, 0x00000000d5550000, 0x00000000d5550000)
  eden space 279616K, 100% used [0x00000000c0000000, 0x00000000d1110000, 0x00000000d1110000)
  from space 34944K,  48% used [0x00000000d3330000, 0x00000000d43e5988, 0x00000000d5550000)
  to   space 34944K,   0% used [0x00000000d1110000, 0x00000000d1110000, 0x00000000d3330000)
 tenured generation   total 699072K, used 366395K [0x00000000d5550000, 0x0000000100000000, 0x0000000100000000)
   the space 699072K,  52% used [0x00000000d5550000, 0x00000000ebb1efa8, 0x00000000ebb1f000, 0x0000000100000000)
 Metaspace       used 53074K, capacity 58266K, committed 58416K, reserved 1099776K
  class space    used 7305K, capacity 8632K, committed 8752K, reserved 1048576K
Event: 598.429 GC heap after
Heap after GC invocations=292 (full 2):
 def new generation   total 314560K, used 16991K [0x00000000c0000000, 0x00000000d5550000, 0x00000000d5550000)
  eden space 279616K,   0% used [0x00000000c0000000, 0x00000000c0000000, 0x00000000d1110000)
  from space 34944K,  48% used [0x00000000d1110000, 0x00000000d21a7d50, 0x00000000d3330000)
  to   space 34944K,   0% used [0x00000000d3330000, 0x00000000d3330000, 0x00000000d5550000)
 tenured generation   total 699072K, used 366395K [0x00000000d5550000, 0x0000000100000000, 0x0000000100000000)
   the space 699072K,  52% used [0x00000000d5550000, 0x00000000ebb1efa8, 0x00000000ebb1f000, 0x0000000100000000)
 Metaspace       used 53074K, capacity 58266K, committed 58416K, reserved 1099776K
  class space    used 7305K, capacity 8632K, committed 8752K, reserved 1048576K
}
Event: 600.525 GC heap before
{Heap before GC invocations=292 (full 2):
 def new generation   total 314560K, used 296607K [0x00000000c0000000, 0x00000000d5550000, 0x00000000d5550000)
  eden space 279616K, 100% used [0x00000000c0000000, 0x00000000d1110000, 0x00000000d1110000)
  from space 34944K,  48% used [0x00000000d1110000, 0x00000000d21a7d50, 0x00000000d3330000)
  to   space 34944K,   0% used [0x00000000d3330000, 0x00000000d3330000, 0x00000000d5550000)
 tenured generation   total 699072K, used 366395K [0x00000000d5550000, 0x0000000100000000, 0x0000000100000000)
   the space 699072K,  52% used [0x00000000d5550000, 0x00000000ebb1efa8, 0x00000000ebb1f000, 0x0000000100000000)
 Metaspace       used 53074K, capacity 58266K, committed 58416K, reserved 1099776K
  class space    used 7305K, capacity 8632K, committed 8752K, reserved 1048576K
Event: 600.568 GC heap after
Heap after GC invocations=293 (full 2):
 def new generation   total 314560K, used 20212K [0x00000000c0000000, 0x00000000d5550000, 0x00000000d5550000)
  eden space 279616K,   0% used [0x00000000c0000000, 0x00000000c0000000, 0x00000000d1110000)
  from space 34944K,  57% used [0x00000000d3330000, 0x00000000d46ed2d0, 0x00000000d5550000)
  to   space 34944K,   0% used [0x00000000d1110000, 0x00000000d1110000, 0x00000000d3330000)
 tenured generation   total 699072K, used 366544K [0x00000000d5550000, 0x0000000100000000, 0x0000000100000000)
   the space 699072K,  52% used [0x00000000d5550000, 0x00000000ebb44280, 0x00000000ebb44400, 0x0000000100000000)
 Metaspace       used 53074K, capacity 58266K, committed 58416K, reserved 1099776K
  class space    used 7305K, capacity 8632K, committed 8752K, reserved 1048576K
}
Event: 602.451 GC heap before
{Heap before GC invocations=293 (full 2):
 def new generation   total 314560K, used 299828K [0x00000000c0000000, 0x00000000d5550000, 0x00000000d5550000)
  eden space 279616K, 100% used [0x00000000c0000000, 0x00000000d1110000, 0x00000000d1110000)
  from space 34944K,  57% used [0x00000000d3330000, 0x00000000d46ed2d0, 0x00000000d5550000)
  to   space 34944K,   0% used [0x00000000d1110000, 0x00000000d1110000, 0x00000000d3330000)
 tenured generation   total 699072K, used 366544K [0x00000000d5550000, 0x0000000100000000, 0x0000000100000000)
   the space 699072K,  52% used [0x00000000d5550000, 0x00000000ebb44280, 0x00000000ebb44400, 0x0000000100000000)
 Metaspace       used 53091K, capacity 58266K, committed 58416K, reserved 1099776K
  class space    used 7305K, capacity 8632K, committed 8752K, reserved 1048576K
Event: 602.483 GC heap after
Heap after GC invocations=294 (full 2):
 def new generation   total 314560K, used 21357K [0x00000000c0000000, 0x00000000d5550000, 0x00000000d5550000)
  eden space 279616K,   0% used [0x00000000c0000000, 0x00000000c0000000, 0x00000000d1110000)
  from space 34944K,  61% used [0x00000000d1110000, 0x00000000d25eb6f8, 0x00000000d3330000)
  to   space 34944K,   0% used [0x00000000d3330000, 0x00000000d3330000, 0x00000000d5550000)
 tenured generation   total 699072K, used 371217K [0x00000000d5550000, 0x0000000100000000, 0x0000000100000000)
   the space 699072K,  53% used [0x00000000d5550000, 0x00000000ebfd4710, 0x00000000ebfd4800, 0x0000000100000000)
 Metaspace       used 53091K, capacity 58266K, committed 58416K, reserved 1099776K
  class space    used 7305K, capacity 8632K, committed 8752K, reserved 1048576K
}

