# JRE version: OpenJDK Runtime Environment (8.0_222-b10) (build 1.8.0_222-8u222-b10-1~deb9u1-b10)
# Java VM: OpenJDK 64-Bit Server VM (25.222-b10 mixed mode linux-amd64 compressed oops)
Heap:
 PSYoungGen      total 559104K, used 297789K [0x00000000da800000, 0x0000000100000000, 0x0000000100000000)
  eden space 502784K, 50% used [0x00000000da800000,0x00000000ea0af5f8,0x00000000f9300000)
  from space 56320K, 76% used [0x00000000fc900000,0x00000000ff320118,0x0000000100000000)
  to   space 55296K, 0% used [0x00000000f9300000,0x00000000f9300000,0x00000000fc900000)
 ParOldGen       total 1228800K, used 985120K [0x000000008f800000, 0x00000000da800000, 0x00000000da800000)
  object space 1228800K, 80% used [0x000000008f800000,0x00000000cba081f0,0x00000000da800000)
 Metaspace       used 83529K, capacity 92336K, committed 92564K, reserved 1128448K
  class space    used 11109K, capacity 12927K, committed 12988K, reserved 1048576K
GC Heap History (10 events):
Event: 8034.995 GC heap before
{Heap before GC invocations=1009 (full 3):
 PSYoungGen      total 555008K, used 554428K [0x00000000da800000, 0x0000000100000000, 0x0000000100000000)
  eden space 508928K, 99% used [0x00000000da800000,0x00000000f98df180,0x00000000f9900000)
  from space 46080K, 99% used [0x00000000f9900000,0x00000000fc590118,0x00000000fc600000)
  to   space 53760K, 0% used [0x00000000fcb80000,0x00000000fcb80000,0x0000000100000000)
 ParOldGen       total 1228800K, used 973428K [0x000000008f800000, 0x00000000da800000, 0x00000000da800000)
  object space 1228800K, 79% used [0x000000008f800000,0x00000000cae9d088,0x00000000da800000)
 Metaspace       used 83524K, capacity 92336K, committed 92564K, reserved 1128448K
  class space    used 11109K, capacity 12927K, committed 12988K, reserved 1048576K
Event: 8035.042 GC heap after
Heap after GC invocations=1009 (full 3):
 PSYoungGen      total 556544K, used 48528K [0x00000000da800000, 0x0000000100000000, 0x0000000100000000)
  eden space 502784K, 0% used [0x00000000da800000,0x00000000da800000,0x00000000f9300000)
  from space 53760K, 90% used [0x00000000fcb80000,0x00000000ffae4118,0x0000000100000000)
  to   space 55808K, 0% used [0x00000000f9300000,0x00000000f9300000,0x00000000fc980000)
 ParOldGen       total 1228800K, used 975476K [0x000000008f800000, 0x00000000da800000, 0x00000000da800000)
  object space 1228800K, 79% used [0x000000008f800000,0x00000000cb09d088,0x00000000da800000)
 Metaspace       used 83524K, capacity 92336K, committed 92564K, reserved 1128448K
  class space    used 11109K, capacity 12927K, committed 12988K, reserved 1048576K
}
Event: 8037.297 GC heap before
{Heap before GC invocations=1010 (full 3):
 PSYoungGen      total 556544K, used 551312K [0x00000000da800000, 0x0000000100000000, 0x0000000100000000)
  eden space 502784K, 100% used [0x00000000da800000,0x00000000f9300000,0x00000000f9300000)
  from space 53760K, 90% used [0x00000000fcb80000,0x00000000ffae4118,0x0000000100000000)
  to   space 55808K, 0% used [0x00000000f9300000,0x00000000f9300000,0x00000000fc980000)
 ParOldGen       total 1228800K, used 975476K [0x000000008f800000, 0x00000000da800000, 0x00000000da800000)
  object space 1228800K, 79% used [0x000000008f800000,0x00000000cb09d088,0x00000000da800000)
 Metaspace       used 83525K, capacity 92336K, committed 92564K, reserved 1128448K
  class space    used 11109K, capacity 12927K, committed 12988K, reserved 1048576K
Event: 8037.341 GC heap after
Heap after GC invocations=1010 (full 3):
 PSYoungGen      total 548864K, used 46000K [0x00000000da800000, 0x0000000100000000, 0x0000000100000000)
  eden space 502784K, 0% used [0x00000000da800000,0x00000000da800000,0x00000000f9300000)
  from space 46080K, 99% used [0x00000000f9300000,0x00000000fbfec100,0x00000000fc000000)
  to   space 56320K, 0% used [0x00000000fc900000,0x00000000fc900000,0x0000000100000000)
 ParOldGen       total 1228800K, used 979060K [0x000000008f800000, 0x00000000da800000, 0x00000000da800000)
  object space 1228800K, 79% used [0x000000008f800000,0x00000000cb41d118,0x00000000da800000)
 Metaspace       used 83525K, capacity 92336K, committed 92564K, reserved 1128448K
  class space    used 11109K, capacity 12927K, committed 12988K, reserved 1048576K
}
Event: 8040.311 GC heap before
{Heap before GC invocations=1011 (full 3):
 PSYoungGen      total 548864K, used 548784K [0x00000000da800000, 0x0000000100000000, 0x0000000100000000)
  eden space 502784K, 100% used [0x00000000da800000,0x00000000f9300000,0x00000000f9300000)
  from space 46080K, 99% used [0x00000000f9300000,0x00000000fbfec100,0x00000000fc000000)
  to   space 56320K, 0% used [0x00000000fc900000,0x00000000fc900000,0x0000000100000000)
 ParOldGen       total 1228800K, used 979060K [0x000000008f800000, 0x00000000da800000, 0x00000000da800000)
  object space 1228800K, 79% used [0x000000008f800000,0x00000000cb41d118,0x00000000da800000)
 Metaspace       used 83527K, capacity 92336K, committed 92564K, reserved 1128448K
  class space    used 11109K, capacity 12927K, committed 12988K, reserved 1048576K
Event: 8040.359 GC heap after
Heap after GC invocations=1011 (full 3):
 PSYoungGen      total 558080K, used 45808K [0x00000000da800000, 0x0000000100000000, 0x0000000100000000)
  eden space 501760K, 0% used [0x00000000da800000,0x00000000da800000,0x00000000f9200000)
  from space 56320K, 81% used [0x00000000fc900000,0x00000000ff5bc100,0x0000000100000000)
  to   space 56320K, 0% used [0x00000000f9200000,0x00000000f9200000,0x00000000fc900000)
 ParOldGen       total 1228800K, used 980252K [0x000000008f800000, 0x00000000da800000, 0x00000000da800000)
  object space 1228800K, 79% used [0x000000008f800000,0x00000000cb5471d8,0x00000000da800000)
 Metaspace       used 83527K, capacity 92336K, committed 92564K, reserved 1128448K
  class space    used 11109K, capacity 12927K, committed 12988K, reserved 1048576K
}
Event: 8043.023 GC heap before
{Heap before GC invocations=1012 (full 3):
 PSYoungGen      total 558080K, used 547568K [0x00000000da800000, 0x0000000100000000, 0x0000000100000000)
  eden space 501760K, 100% used [0x00000000da800000,0x00000000f9200000,0x00000000f9200000)
  from space 56320K, 81% used [0x00000000fc900000,0x00000000ff5bc100,0x0000000100000000)
  to   space 56320K, 0% used [0x00000000f9200000,0x00000000f9200000,0x00000000fc900000)
 ParOldGen       total 1228800K, used 980252K [0x000000008f800000, 0x00000000da800000, 0x00000000da800000)
  object space 1228800K, 79% used [0x000000008f800000,0x00000000cb5471d8,0x00000000da800000)
 Metaspace       used 83528K, capacity 92336K, committed 92564K, reserved 1128448K
  class space    used 11109K, capacity 12927K, committed 12988K, reserved 1048576K
Event: 8043.065 GC heap after
Heap after GC invocations=1012 (full 3):
 PSYoungGen      total 558080K, used 44912K [0x00000000da800000, 0x0000000100000000, 0x0000000100000000)
  eden space 501760K, 0% used [0x00000000da800000,0x00000000da800000,0x00000000f9200000)
  from space 56320K, 79% used [0x00000000f9200000,0x00000000fbddc100,0x00000000fc900000)
  to   space 56320K, 0% used [0x00000000fc900000,0x00000000fc900000,0x0000000100000000)
 ParOldGen       total 1228800K, used 982176K [0x000000008f800000, 0x00000000da800000, 0x00000000da800000)
  object space 1228800K, 79% used [0x000000008f800000,0x00000000cb7281f0,0x00000000da800000)
 Metaspace       used 83528K, capacity 92336K, committed 92564K, reserved 1128448K
  class space    used 11109K, capacity 12927K, committed 12988K, reserved 1048576K
}
Event: 8046.432 GC heap before
{Heap before GC invocations=1013 (full 3):
 PSYoungGen      total 558080K, used 546672K [0x00000000da800000, 0x0000000100000000, 0x0000000100000000)
  eden space 501760K, 100% used [0x00000000da800000,0x00000000f9200000,0x00000000f9200000)
  from space 56320K, 79% used [0x00000000f9200000,0x00000000fbddc100,0x00000000fc900000)
  to   space 56320K, 0% used [0x00000000fc900000,0x00000000fc900000,0x0000000100000000)
 ParOldGen       total 1228800K, used 982176K [0x000000008f800000, 0x00000000da800000, 0x00000000da800000)
  object space 1228800K, 79% used [0x000000008f800000,0x00000000cb7281f0,0x00000000da800000)
 Metaspace       used 83529K, capacity 92336K, committed 92564K, reserved 1128448K
  class space    used 11109K, capacity 12927K, committed 12988K, reserved 1048576K
Event: 8046.518 GC heap after
Heap after GC invocations=1013 (full 3):
 PSYoungGen      total 559104K, used 43136K [0x00000000da800000, 0x0000000100000000, 0x0000000100000000)
  eden space 502784K, 0% used [0x00000000da800000,0x00000000da800000,0x00000000f9300000)
  from space 56320K, 76% used [0x00000000fc900000,0x00000000ff320118,0x0000000100000000)
  to   space 55296K, 0% used [0x00000000f9300000,0x00000000f9300000,0x00000000fc900000)
 ParOldGen       total 1228800K, used 985120K [0x000000008f800000, 0x00000000da800000, 0x00000000da800000)
  object space 1228800K, 80% used [0x000000008f800000,0x00000000cba081f0,0x00000000da800000)
 Metaspace       used 83529K, capacity 92336K, committed 92564K, reserved 1128448K
  class space    used 11109K, capacity 12927K, committed 12988K, reserved 1048576K
}

