# JRE version: OpenJDK Runtime Environment (8.0_222-b10) (build 1.8.0_222-8u222-b10-1~deb9u1-b10)
# Java VM: OpenJDK 64-Bit Server VM (25.222-b10 mixed mode linux-amd64 compressed oops)
Heap:
 PSYoungGen      total 594432K, used 127508K [0x00000000da800000, 0x0000000100000000, 0x0000000100000000)
  eden space 574464K, 18% used [0x00000000da800000,0x00000000e11091e8,0x00000000fd900000)
  from space 19968K, 99% used [0x00000000fd900000,0x00000000fec7c0e8,0x00000000fec80000)
  to   space 19968K, 0% used [0x00000000fec80000,0x00000000fec80000,0x0000000100000000)
 ParOldGen       total 1228800K, used 1017425K [0x000000008f800000, 0x00000000da800000, 0x00000000da800000)
  object space 1228800K, 82% used [0x000000008f800000,0x00000000cd994520,0x00000000da800000)
 Metaspace       used 83735K, capacity 92480K, committed 92564K, reserved 1128448K
  class space    used 11125K, capacity 12943K, committed 12988K, reserved 1048576K
GC Heap History (10 events):
Event: 17770.118 GC heap before
{Heap before GC invocations=1770 (full 3):
 PSYoungGen      total 598528K, used 593024K [0x00000000da800000, 0x0000000100000000, 0x0000000100000000)
  eden space 583680K, 100% used [0x00000000da800000,0x00000000fe200000,0x00000000fe200000)
  from space 14848K, 62% used [0x00000000ff180000,0x00000000ffaa00a0,0x0000000100000000)
  to   space 15360K, 0% used [0x00000000fe200000,0x00000000fe200000,0x00000000ff100000)
 ParOldGen       total 1228800K, used 1004421K [0x000000008f800000, 0x00000000da800000, 0x00000000da800000)
  object space 1228800K, 81% used [0x000000008f800000,0x00000000ccce14a8,0x00000000da800000)
 Metaspace       used 83726K, capacity 92476K, committed 92564K, reserved 1128448K
  class space    used 11125K, capacity 12943K, committed 12988K, reserved 1048576K
Event: 17770.143 GC heap after
Heap after GC invocations=1770 (full 3):
 PSYoungGen      total 593920K, used 9920K [0x00000000da800000, 0x0000000100000000, 0x0000000100000000)
  eden space 583680K, 0% used [0x00000000da800000,0x00000000da800000,0x00000000fe200000)
  from space 10240K, 96% used [0x00000000fe200000,0x00000000febb00c0,0x00000000fec00000)
  to   space 15872K, 0% used [0x00000000ff080000,0x00000000ff080000,0x0000000100000000)
 ParOldGen       total 1228800K, used 1004437K [0x000000008f800000, 0x00000000da800000, 0x00000000da800000)
  object space 1228800K, 81% used [0x000000008f800000,0x00000000ccce54a8,0x00000000da800000)
 Metaspace       used 83726K, capacity 92476K, committed 92564K, reserved 1128448K
  class space    used 11125K, capacity 12943K, committed 12988K, reserved 1048576K
}
Event: 17779.470 GC heap before
{Heap before GC invocations=1771 (full 3):
 PSYoungGen      total 593920K, used 593600K [0x00000000da800000, 0x0000000100000000, 0x0000000100000000)
  eden space 583680K, 100% used [0x00000000da800000,0x00000000fe200000,0x00000000fe200000)
  from space 10240K, 96% used [0x00000000fe200000,0x00000000febb00c0,0x00000000fec00000)
  to   space 15872K, 0% used [0x00000000ff080000,0x00000000ff080000,0x0000000100000000)
 ParOldGen       total 1228800K, used 1004437K [0x000000008f800000, 0x00000000da800000, 0x00000000da800000)
  object space 1228800K, 81% used [0x000000008f800000,0x00000000ccce54a8,0x00000000da800000)
 Metaspace       used 83726K, capacity 92476K, committed 92564K, reserved 1128448K
  class space    used 11125K, capacity 12943K, committed 12988K, reserved 1048576K
Event: 17779.491 GC heap after
Heap after GC invocations=1771 (full 3):
 PSYoungGen      total 596480K, used 12352K [0x00000000da800000, 0x0000000100000000, 0x0000000100000000)
  eden space 580608K, 0% used [0x00000000da800000,0x00000000da800000,0x00000000fdf00000)
  from space 15872K, 77% used [0x00000000ff080000,0x00000000ffc90118,0x0000000100000000)
  to   space 16896K, 0% used [0x00000000fdf00000,0x00000000fdf00000,0x00000000fef80000)
 ParOldGen       total 1228800K, used 1004453K [0x000000008f800000, 0x00000000da800000, 0x00000000da800000)
  object space 1228800K, 81% used [0x000000008f800000,0x00000000ccce94a8,0x00000000da800000)
 Metaspace       used 83726K, capacity 92476K, committed 92564K, reserved 1128448K
  class space    used 11125K, capacity 12943K, committed 12988K, reserved 1048576K
}
Event: 17787.868 GC heap before
{Heap before GC invocations=1772 (full 3):
 PSYoungGen      total 596480K, used 592960K [0x00000000da800000, 0x0000000100000000, 0x0000000100000000)
  eden space 580608K, 100% used [0x00000000da800000,0x00000000fdf00000,0x00000000fdf00000)
  from space 15872K, 77% used [0x00000000ff080000,0x00000000ffc90118,0x0000000100000000)
  to   space 16896K, 0% used [0x00000000fdf00000,0x00000000fdf00000,0x00000000fef80000)
 ParOldGen       total 1228800K, used 1004453K [0x000000008f800000, 0x00000000da800000, 0x00000000da800000)
  object space 1228800K, 81% used [0x000000008f800000,0x00000000ccce94a8,0x00000000da800000)
 Metaspace       used 83726K, capacity 92476K, committed 92564K, reserved 1128448K
  class space    used 11125K, capacity 12943K, committed 12988K, reserved 1048576K
Event: 17787.889 GC heap after
Heap after GC invocations=1772 (full 3):
 PSYoungGen      total 594432K, used 13744K [0x00000000da800000, 0x0000000100000000, 0x0000000100000000)
  eden space 580608K, 0% used [0x00000000da800000,0x00000000da800000,0x00000000fdf00000)
  from space 13824K, 99% used [0x00000000fdf00000,0x00000000fec6c160,0x00000000fec80000)
  to   space 18432K, 0% used [0x00000000fee00000,0x00000000fee00000,0x0000000100000000)
 ParOldGen       total 1228800K, used 1004469K [0x000000008f800000, 0x00000000da800000, 0x00000000da800000)
  object space 1228800K, 81% used [0x000000008f800000,0x00000000ccced4a8,0x00000000da800000)
 Metaspace       used 83726K, capacity 92476K, committed 92564K, reserved 1128448K
  class space    used 11125K, capacity 12943K, committed 12988K, reserved 1048576K
}
Event: 17796.775 GC heap before
{Heap before GC invocations=1773 (full 3):
 PSYoungGen      total 594432K, used 594352K [0x00000000da800000, 0x0000000100000000, 0x0000000100000000)
  eden space 580608K, 100% used [0x00000000da800000,0x00000000fdf00000,0x00000000fdf00000)
  from space 13824K, 99% used [0x00000000fdf00000,0x00000000fec6c160,0x00000000fec80000)
  to   space 18432K, 0% used [0x00000000fee00000,0x00000000fee00000,0x0000000100000000)
 ParOldGen       total 1228800K, used 1004469K [0x000000008f800000, 0x00000000da800000, 0x00000000da800000)
  object space 1228800K, 81% used [0x000000008f800000,0x00000000ccced4a8,0x00000000da800000)
 Metaspace       used 83727K, capacity 92480K, committed 92564K, reserved 1128448K
  class space    used 11125K, capacity 12943K, committed 12988K, reserved 1048576K
Event: 17796.797 GC heap after
Heap after GC invocations=1773 (full 3):
 PSYoungGen      total 592896K, used 14608K [0x00000000da800000, 0x0000000100000000, 0x0000000100000000)
  eden space 574464K, 0% used [0x00000000da800000,0x00000000da800000,0x00000000fd900000)
  from space 18432K, 79% used [0x00000000fee00000,0x00000000ffc44160,0x0000000100000000)
  to   space 19968K, 0% used [0x00000000fd900000,0x00000000fd900000,0x00000000fec80000)
 ParOldGen       total 1228800K, used 1004485K [0x000000008f800000, 0x00000000da800000, 0x00000000da800000)
  object space 1228800K, 81% used [0x000000008f800000,0x00000000cccf14a8,0x00000000da800000)
 Metaspace       used 83727K, capacity 92480K, committed 92564K, reserved 1128448K
  class space    used 11125K, capacity 12943K, committed 12988K, reserved 1048576K
}
Event: 17800.833 GC heap before
{Heap before GC invocations=1774 (full 3):
 PSYoungGen      total 592896K, used 589072K [0x00000000da800000, 0x0000000100000000, 0x0000000100000000)
  eden space 574464K, 100% used [0x00000000da800000,0x00000000fd900000,0x00000000fd900000)
  from space 18432K, 79% used [0x00000000fee00000,0x00000000ffc44160,0x0000000100000000)
  to   space 19968K, 0% used [0x00000000fd900000,0x00000000fd900000,0x00000000fec80000)
 ParOldGen       total 1228800K, used 1004485K [0x000000008f800000, 0x00000000da800000, 0x00000000da800000)
  object space 1228800K, 81% used [0x000000008f800000,0x00000000cccf14a8,0x00000000da800000)
 Metaspace       used 83735K, capacity 92480K, committed 92564K, reserved 1128448K
  class space    used 11125K, capacity 12943K, committed 12988K, reserved 1048576K
Event: 17801.136 GC heap after
Heap after GC invocations=1774 (full 3):
 PSYoungGen      total 594432K, used 19952K [0x00000000da800000, 0x0000000100000000, 0x0000000100000000)
  eden space 574464K, 0% used [0x00000000da800000,0x00000000da800000,0x00000000fd900000)
  from space 19968K, 99% used [0x00000000fd900000,0x00000000fec7c0e8,0x00000000fec80000)
  to   space 19968K, 0% used [0x00000000fec80000,0x00000000fec80000,0x0000000100000000)
 ParOldGen       total 1228800K, used 1017425K [0x000000008f800000, 0x00000000da800000, 0x00000000da800000)
  object space 1228800K, 82% used [0x000000008f800000,0x00000000cd994520,0x00000000da800000)
 Metaspace       used 83735K, capacity 92480K, committed 92564K, reserved 1128448K
  class space    used 11125K, capacity 12943K, committed 12988K, reserved 1048576K
}

