# JRE version: OpenJDK Runtime Environment (8.0_222-b10) (build 1.8.0_222-8u222-b10-1~deb9u1-b10)
# Java VM: OpenJDK 64-Bit Server VM (25.222-b10 mixed mode linux-amd64 compressed oops)
Heap:
 PSYoungGen      total 599552K, used 402265K [0x00000000da800000, 0x0000000100000000, 0x0000000100000000)
  eden space 590848K, 66% used [0x00000000da800000,0x00000000f285a550,0x00000000fe900000)
  from space 8704K, 99% used [0x00000000ff780000,0x00000000ffffc0d0,0x0000000100000000)
  to   space 11776K, 0% used [0x00000000fe900000,0x00000000fe900000,0x00000000ff480000)
 ParOldGen       total 1228800K, used 1027564K [0x000000008f800000, 0x00000000da800000, 0x00000000da800000)
  object space 1228800K, 83% used [0x000000008f800000,0x00000000ce37b1c0,0x00000000da800000)
 Metaspace       used 83208K, capacity 91721K, committed 91924K, reserved 1128448K
  class space    used 11004K, capacity 12788K, committed 12860K, reserved 1048576K
GC Heap History (10 events):
Event: 16304.594 GC heap before
{Heap before GC invocations=1829 (full 3):
 PSYoungGen      total 606208K, used 603287K [0x00000000da800000, 0x0000000100000000, 0x0000000100000000)
  eden space 598016K, 100% used [0x00000000da800000,0x00000000ff000000,0x00000000ff000000)
  from space 8192K, 64% used [0x00000000ff000000,0x00000000ff525f18,0x00000000ff800000)
  to   space 8192K, 0% used [0x00000000ff800000,0x00000000ff800000,0x0000000100000000)
 ParOldGen       total 1228800K, used 1020993K [0x000000008f800000, 0x00000000da800000, 0x00000000da800000)
  object space 1228800K, 83% used [0x000000008f800000,0x00000000cdd10410,0x00000000da800000)
 Metaspace       used 83207K, capacity 91717K, committed 91924K, reserved 1128448K
  class space    used 11004K, capacity 12788K, committed 12860K, reserved 1048576K
Event: 16304.610 GC heap after
Heap after GC invocations=1829 (full 3):
 PSYoungGen      total 606208K, used 4913K [0x00000000da800000, 0x0000000100000000, 0x0000000100000000)
  eden space 598016K, 0% used [0x00000000da800000,0x00000000da800000,0x00000000ff000000)
  from space 8192K, 59% used [0x00000000ff800000,0x00000000ffccc7d8,0x0000000100000000)
  to   space 8192K, 0% used [0x00000000ff000000,0x00000000ff000000,0x00000000ff800000)
 ParOldGen       total 1228800K, used 1021553K [0x000000008f800000, 0x00000000da800000, 0x00000000da800000)
  object space 1228800K, 83% used [0x000000008f800000,0x00000000cdd9c470,0x00000000da800000)
 Metaspace       used 83207K, capacity 91717K, committed 91924K, reserved 1128448K
  class space    used 11004K, capacity 12788K, committed 12860K, reserved 1048576K
}
Event: 16311.329 GC heap before
{Heap before GC invocations=1830 (full 3):
 PSYoungGen      total 606208K, used 602929K [0x00000000da800000, 0x0000000100000000, 0x0000000100000000)
  eden space 598016K, 100% used [0x00000000da800000,0x00000000ff000000,0x00000000ff000000)
  from space 8192K, 59% used [0x00000000ff800000,0x00000000ffccc7d8,0x0000000100000000)
  to   space 8192K, 0% used [0x00000000ff000000,0x00000000ff000000,0x00000000ff800000)
 ParOldGen       total 1228800K, used 1021553K [0x000000008f800000, 0x00000000da800000, 0x00000000da800000)
  object space 1228800K, 83% used [0x000000008f800000,0x00000000cdd9c470,0x00000000da800000)
 Metaspace       used 83207K, capacity 91717K, committed 91924K, reserved 1128448K
  class space    used 11004K, capacity 12788K, committed 12860K, reserved 1048576K
Event: 16311.375 GC heap after
Heap after GC invocations=1830 (full 3):
 PSYoungGen      total 606208K, used 5667K [0x00000000da800000, 0x0000000100000000, 0x0000000100000000)
  eden space 598016K, 0% used [0x00000000da800000,0x00000000da800000,0x00000000ff000000)
  from space 8192K, 69% used [0x00000000ff000000,0x00000000ff588f30,0x00000000ff800000)
  to   space 8192K, 0% used [0x00000000ff800000,0x00000000ff800000,0x0000000100000000)
 ParOldGen       total 1228800K, used 1021753K [0x000000008f800000, 0x00000000da800000, 0x00000000da800000)
  object space 1228800K, 83% used [0x000000008f800000,0x00000000cddce4d0,0x00000000da800000)
 Metaspace       used 83207K, capacity 91717K, committed 91924K, reserved 1128448K
  class space    used 11004K, capacity 12788K, committed 12860K, reserved 1048576K
}
Event: 16317.869 GC heap before
{Heap before GC invocations=1831 (full 3):
 PSYoungGen      total 606208K, used 603683K [0x00000000da800000, 0x0000000100000000, 0x0000000100000000)
  eden space 598016K, 100% used [0x00000000da800000,0x00000000ff000000,0x00000000ff000000)
  from space 8192K, 69% used [0x00000000ff000000,0x00000000ff588f30,0x00000000ff800000)
  to   space 8192K, 0% used [0x00000000ff800000,0x00000000ff800000,0x0000000100000000)
 ParOldGen       total 1228800K, used 1021753K [0x000000008f800000, 0x00000000da800000, 0x00000000da800000)
  object space 1228800K, 83% used [0x000000008f800000,0x00000000cddce4d0,0x00000000da800000)
 Metaspace       used 83207K, capacity 91717K, committed 91924K, reserved 1128448K
  class space    used 11004K, capacity 12788K, committed 12860K, reserved 1048576K
Event: 16317.895 GC heap after
Heap after GC invocations=1831 (full 3):
 PSYoungGen      total 605184K, used 8179K [0x00000000da800000, 0x0000000100000000, 0x0000000100000000)
  eden space 596992K, 0% used [0x00000000da800000,0x00000000da800000,0x00000000fef00000)
  from space 8192K, 99% used [0x00000000ff800000,0x00000000ffffcec8,0x0000000100000000)
  to   space 8704K, 0% used [0x00000000fef00000,0x00000000fef00000,0x00000000ff780000)
 ParOldGen       total 1228800K, used 1022097K [0x000000008f800000, 0x00000000da800000, 0x00000000da800000)
  object space 1228800K, 83% used [0x000000008f800000,0x00000000cde24560,0x00000000da800000)
 Metaspace       used 83207K, capacity 91717K, committed 91924K, reserved 1128448K
  class space    used 11004K, capacity 12788K, committed 12860K, reserved 1048576K
}
Event: 16324.370 GC heap before
{Heap before GC invocations=1832 (full 3):
 PSYoungGen      total 605184K, used 605171K [0x00000000da800000, 0x0000000100000000, 0x0000000100000000)
  eden space 596992K, 100% used [0x00000000da800000,0x00000000fef00000,0x00000000fef00000)
  from space 8192K, 99% used [0x00000000ff800000,0x00000000ffffcec8,0x0000000100000000)
  to   space 8704K, 0% used [0x00000000fef00000,0x00000000fef00000,0x00000000ff780000)
 ParOldGen       total 1228800K, used 1022097K [0x000000008f800000, 0x00000000da800000, 0x00000000da800000)
  object space 1228800K, 83% used [0x000000008f800000,0x00000000cde24560,0x00000000da800000)
 Metaspace       used 83208K, capacity 91721K, committed 91924K, reserved 1128448K
  class space    used 11004K, capacity 12788K, committed 12860K, reserved 1048576K
Event: 16324.409 GC heap after
Heap after GC invocations=1832 (full 3):
 PSYoungGen      total 605696K, used 8672K [0x00000000da800000, 0x0000000100000000, 0x0000000100000000)
  eden space 596992K, 0% used [0x00000000da800000,0x00000000da800000,0x00000000fef00000)
  from space 8704K, 99% used [0x00000000fef00000,0x00000000ff7780b8,0x00000000ff780000)
  to   space 8704K, 0% used [0x00000000ff780000,0x00000000ff780000,0x0000000100000000)
 ParOldGen       total 1228800K, used 1024260K [0x000000008f800000, 0x00000000da800000, 0x00000000da800000)
  object space 1228800K, 83% used [0x000000008f800000,0x00000000ce041328,0x00000000da800000)
 Metaspace       used 83208K, capacity 91721K, committed 91924K, reserved 1128448K
  class space    used 11004K, capacity 12788K, committed 12860K, reserved 1048576K
}
Event: 16331.020 GC heap before
{Heap before GC invocations=1833 (full 3):
 PSYoungGen      total 605696K, used 605664K [0x00000000da800000, 0x0000000100000000, 0x0000000100000000)
  eden space 596992K, 100% used [0x00000000da800000,0x00000000fef00000,0x00000000fef00000)
  from space 8704K, 99% used [0x00000000fef00000,0x00000000ff7780b8,0x00000000ff780000)
  to   space 8704K, 0% used [0x00000000ff780000,0x00000000ff780000,0x0000000100000000)
 ParOldGen       total 1228800K, used 1024260K [0x000000008f800000, 0x00000000da800000, 0x00000000da800000)
  object space 1228800K, 83% used [0x000000008f800000,0x00000000ce041328,0x00000000da800000)
 Metaspace       used 83208K, capacity 91721K, committed 91924K, reserved 1128448K
  class space    used 11004K, capacity 12788K, committed 12860K, reserved 1048576K
Event: 16331.108 GC heap after
Heap after GC invocations=1833 (full 3):
 PSYoungGen      total 599552K, used 8688K [0x00000000da800000, 0x0000000100000000, 0x0000000100000000)
  eden space 590848K, 0% used [0x00000000da800000,0x00000000da800000,0x00000000fe900000)
  from space 8704K, 99% used [0x00000000ff780000,0x00000000ffffc0d0,0x0000000100000000)
  to   space 11776K, 0% used [0x00000000fe900000,0x00000000fe900000,0x00000000ff480000)
 ParOldGen       total 1228800K, used 1027564K [0x000000008f800000, 0x00000000da800000, 0x00000000da800000)
  object space 1228800K, 83% used [0x000000008f800000,0x00000000ce37b1c0,0x00000000da800000)
 Metaspace       used 83208K, capacity 91721K, committed 91924K, reserved 1128448K
  class space    used 11004K, capacity 12788K, committed 12860K, reserved 1048576K
}

