# JRE version: OpenJDK Runtime Environment (8.0_222-b10) (build 1.8.0_222-8u222-b10-1~deb9u1-b10)
# Java VM: OpenJDK 64-Bit Server VM (25.222-b10 mixed mode linux-amd64 compressed oops)
Heap:
 PSYoungGen      total 1134592K, used 1111572K [0x0000000779300000, 0x00000007c0000000, 0x00000007c0000000)
  eden space 1106944K, 100% used [0x0000000779300000,0x00000007bcc00000,0x00000007bcc00000)
  from space 27648K, 16% used [0x00000007be500000,0x00000007be9853d8,0x00000007c0000000)
  to   space 25600K, 0% used [0x00000007bcc00000,0x00000007bcc00000,0x00000007be500000)
 ParOldGen       total 2321408K, used 823227K [0x00000006eb800000, 0x0000000779300000, 0x0000000779300000)
  object space 2321408K, 35% used [0x00000006eb800000,0x000000071dbeecf0,0x0000000779300000)
 Metaspace       used 86168K, capacity 95384K, committed 95636K, reserved 1132544K
  class space    used 11275K, capacity 13123K, committed 13244K, reserved 1048576K
GC Heap History (10 events):
Event: 17840.215 GC heap before
{Heap before GC invocations=1032 (full 4):
 PSYoungGen      total 1118720K, used 1083831K [0x0000000779300000, 0x00000007c0000000, 0x00000007c0000000)
  eden space 1079808K, 100% used [0x0000000779300000,0x00000007bb180000,0x00000007bb180000)
  from space 38912K, 10% used [0x00000007bb180000,0x00000007bb56dc80,0x00000007bd780000)
  to   space 36352K, 0% used [0x00000007bdc80000,0x00000007bdc80000,0x00000007c0000000)
 ParOldGen       total 2321408K, used 822843K [0x00000006eb800000, 0x0000000779300000, 0x0000000779300000)
  object space 2321408K, 35% used [0x00000006eb800000,0x000000071db8ecf0,0x0000000779300000)
 Metaspace       used 86168K, capacity 95384K, committed 95636K, reserved 1132544K
  class space    used 11275K, capacity 13123K, committed 13244K, reserved 1048576K
Event: 17840.225 GC heap after
Heap after GC invocations=1032 (full 4):
 PSYoungGen      total 1126400K, used 4114K [0x0000000779300000, 0x00000007c0000000, 0x00000007c0000000)
  eden space 1090048K, 0% used [0x0000000779300000,0x0000000779300000,0x00000007bbb80000)
  from space 36352K, 11% used [0x00000007bdc80000,0x00000007be084888,0x00000007c0000000)
  to   space 33792K, 0% used [0x00000007bbb80000,0x00000007bbb80000,0x00000007bdc80000)
 ParOldGen       total 2321408K, used 822899K [0x00000006eb800000, 0x0000000779300000, 0x0000000779300000)
  object space 2321408K, 35% used [0x00000006eb800000,0x000000071db9ccf0,0x0000000779300000)
 Metaspace       used 86168K, capacity 95384K, committed 95636K, reserved 1132544K
  class space    used 11275K, capacity 13123K, committed 13244K, reserved 1048576K
}
Event: 17841.790 GC heap before
{Heap before GC invocations=1033 (full 4):
 PSYoungGen      total 1126400K, used 1094162K [0x0000000779300000, 0x00000007c0000000, 0x00000007c0000000)
  eden space 1090048K, 100% used [0x0000000779300000,0x00000007bbb80000,0x00000007bbb80000)
  from space 36352K, 11% used [0x00000007bdc80000,0x00000007be084888,0x00000007c0000000)
  to   space 33792K, 0% used [0x00000007bbb80000,0x00000007bbb80000,0x00000007bdc80000)
 ParOldGen       total 2321408K, used 822899K [0x00000006eb800000, 0x0000000779300000, 0x0000000779300000)
  object space 2321408K, 35% used [0x00000006eb800000,0x000000071db9ccf0,0x0000000779300000)
 Metaspace       used 86168K, capacity 95384K, committed 95636K, reserved 1132544K
  class space    used 11275K, capacity 13123K, committed 13244K, reserved 1048576K
Event: 17841.804 GC heap after
Heap after GC invocations=1033 (full 4):
 PSYoungGen      total 1123840K, used 3232K [0x0000000779300000, 0x00000007c0000000, 0x00000007c0000000)
  eden space 1090048K, 0% used [0x0000000779300000,0x0000000779300000,0x00000007bbb80000)
  from space 33792K, 9% used [0x00000007bbb80000,0x00000007bbea80a8,0x00000007bdc80000)
  to   space 31744K, 0% used [0x00000007be100000,0x00000007be100000,0x00000007c0000000)
 ParOldGen       total 2321408K, used 823043K [0x00000006eb800000, 0x0000000779300000, 0x0000000779300000)
  object space 2321408K, 35% used [0x00000006eb800000,0x000000071dbc0cf0,0x0000000779300000)
 Metaspace       used 86168K, capacity 95384K, committed 95636K, reserved 1132544K
  class space    used 11275K, capacity 13123K, committed 13244K, reserved 1048576K
}
Event: 17857.417 GC heap before
{Heap before GC invocations=1034 (full 4):
 PSYoungGen      total 1123840K, used 1093280K [0x0000000779300000, 0x00000007c0000000, 0x00000007c0000000)
  eden space 1090048K, 100% used [0x0000000779300000,0x00000007bbb80000,0x00000007bbb80000)
  from space 33792K, 9% used [0x00000007bbb80000,0x00000007bbea80a8,0x00000007bdc80000)
  to   space 31744K, 0% used [0x00000007be100000,0x00000007be100000,0x00000007c0000000)
 ParOldGen       total 2321408K, used 823043K [0x00000006eb800000, 0x0000000779300000, 0x0000000779300000)
  object space 2321408K, 35% used [0x00000006eb800000,0x000000071dbc0cf0,0x0000000779300000)
 Metaspace       used 86168K, capacity 95384K, committed 95636K, reserved 1132544K
  class space    used 11275K, capacity 13123K, committed 13244K, reserved 1048576K
Event: 17857.431 GC heap after
Heap after GC invocations=1034 (full 4):
 PSYoungGen      total 1130496K, used 4382K [0x0000000779300000, 0x00000007c0000000, 0x00000007c0000000)
  eden space 1098752K, 0% used [0x0000000779300000,0x0000000779300000,0x00000007bc400000)
  from space 31744K, 13% used [0x00000007be100000,0x00000007be547b60,0x00000007c0000000)
  to   space 29696K, 0% used [0x00000007bc400000,0x00000007bc400000,0x00000007be100000)
 ParOldGen       total 2321408K, used 823131K [0x00000006eb800000, 0x0000000779300000, 0x0000000779300000)
  object space 2321408K, 35% used [0x00000006eb800000,0x000000071dbd6cf0,0x0000000779300000)
 Metaspace       used 86168K, capacity 95384K, committed 95636K, reserved 1132544K
  class space    used 11275K, capacity 13123K, committed 13244K, reserved 1048576K
}
Event: 17861.588 GC heap before
{Heap before GC invocations=1035 (full 4):
 PSYoungGen      total 1130496K, used 1103134K [0x0000000779300000, 0x00000007c0000000, 0x00000007c0000000)
  eden space 1098752K, 100% used [0x0000000779300000,0x00000007bc400000,0x00000007bc400000)
  from space 31744K, 13% used [0x00000007be100000,0x00000007be547b60,0x00000007c0000000)
  to   space 29696K, 0% used [0x00000007bc400000,0x00000007bc400000,0x00000007be100000)
 ParOldGen       total 2321408K, used 823131K [0x00000006eb800000, 0x0000000779300000, 0x0000000779300000)
  object space 2321408K, 35% used [0x00000006eb800000,0x000000071dbd6cf0,0x0000000779300000)
 Metaspace       used 86168K, capacity 95384K, committed 95636K, reserved 1132544K
  class space    used 11275K, capacity 13123K, committed 13244K, reserved 1048576K
Event: 17864.417 GC heap after
Heap after GC invocations=1035 (full 4):
 PSYoungGen      total 1128448K, used 4240K [0x0000000779300000, 0x00000007c0000000, 0x00000007c0000000)
  eden space 1098752K, 0% used [0x0000000779300000,0x0000000779300000,0x00000007bc400000)
  from space 29696K, 14% used [0x00000007bc400000,0x00000007bc824310,0x00000007be100000)
  to   space 27648K, 0% used [0x00000007be500000,0x00000007be500000,0x00000007c0000000)
 ParOldGen       total 2321408K, used 823155K [0x00000006eb800000, 0x0000000779300000, 0x0000000779300000)
  object space 2321408K, 35% used [0x00000006eb800000,0x000000071dbdccf0,0x0000000779300000)
 Metaspace       used 86168K, capacity 95384K, committed 95636K, reserved 1132544K
  class space    used 11275K, capacity 13123K, committed 13244K, reserved 1048576K
}
Event: 17869.649 GC heap before
{Heap before GC invocations=1036 (full 4):
 PSYoungGen      total 1128448K, used 1102992K [0x0000000779300000, 0x00000007c0000000, 0x00000007c0000000)
  eden space 1098752K, 100% used [0x0000000779300000,0x00000007bc400000,0x00000007bc400000)
  from space 29696K, 14% used [0x00000007bc400000,0x00000007bc824310,0x00000007be100000)
  to   space 27648K, 0% used [0x00000007be500000,0x00000007be500000,0x00000007c0000000)
 ParOldGen       total 2321408K, used 823155K [0x00000006eb800000, 0x0000000779300000, 0x0000000779300000)
  object space 2321408K, 35% used [0x00000006eb800000,0x000000071dbdccf0,0x0000000779300000)
 Metaspace       used 86168K, capacity 95384K, committed 95636K, reserved 1132544K
  class space    used 11275K, capacity 13123K, committed 13244K, reserved 1048576K
Event: 17871.260 GC heap after
Heap after GC invocations=1036 (full 4):
 PSYoungGen      total 1134592K, used 4628K [0x0000000779300000, 0x00000007c0000000, 0x00000007c0000000)
  eden space 1106944K, 0% used [0x0000000779300000,0x0000000779300000,0x00000007bcc00000)
  from space 27648K, 16% used [0x00000007be500000,0x00000007be9853d8,0x00000007c0000000)
  to   space 25600K, 0% used [0x00000007bcc00000,0x00000007bcc00000,0x00000007be500000)
 ParOldGen       total 2321408K, used 823227K [0x00000006eb800000, 0x0000000779300000, 0x0000000779300000)
  object space 2321408K, 35% used [0x00000006eb800000,0x000000071dbeecf0,0x0000000779300000)
 Metaspace       used 86168K, capacity 95384K, committed 95636K, reserved 1132544K
  class space    used 11275K, capacity 13123K, committed 13244K, reserved 1048576K
}

