# JRE version: OpenJDK Runtime Environment (8.0_222-b10) (build 1.8.0_222-8u222-b10-1~deb9u1-b10)
# Java VM: OpenJDK 64-Bit Server VM (25.222-b10 mixed mode linux-amd64 compressed oops)
Heap:
 PSYoungGen      total 600576K, used 143857K [0x00000000da800000, 0x0000000100000000, 0x0000000100000000)
  eden space 586240K, 23% used [0x00000000da800000,0x00000000e2fcc430,0x00000000fe480000)
  from space 14336K, 33% used [0x00000000ff200000,0x00000000ff6b0058,0x0000000100000000)
  to   space 13824K, 0% used [0x00000000fe480000,0x00000000fe480000,0x00000000ff200000)
 ParOldGen       total 1228800K, used 1018719K [0x000000008f800000, 0x00000000da800000, 0x00000000da800000)
  object space 1228800K, 82% used [0x000000008f800000,0x00000000cdad7dd8,0x00000000da800000)
 Metaspace       used 83577K, capacity 92300K, committed 92564K, reserved 1128448K
  class space    used 11106K, capacity 12889K, committed 12988K, reserved 1048576K
GC Heap History (10 events):
Event: 7268.507 GC heap before
{Heap before GC invocations=1341 (full 3):
 PSYoungGen      total 597504K, used 586320K [0x00000000da800000, 0x0000000100000000, 0x0000000100000000)
  eden space 581120K, 100% used [0x00000000da800000,0x00000000fdf80000,0x00000000fdf80000)
  from space 16384K, 31% used [0x00000000fdf80000,0x00000000fe4940e8,0x00000000fef80000)
  to   space 15872K, 0% used [0x00000000ff080000,0x00000000ff080000,0x0000000100000000)
 ParOldGen       total 1228800K, used 1016907K [0x000000008f800000, 0x00000000da800000, 0x00000000da800000)
  object space 1228800K, 82% used [0x000000008f800000,0x00000000cd912cd0,0x00000000da800000)
 Metaspace       used 83574K, capacity 92300K, committed 92564K, reserved 1128448K
  class space    used 11106K, capacity 12889K, committed 12988K, reserved 1048576K
Event: 7268.543 GC heap after
Heap after GC invocations=1341 (full 3):
 PSYoungGen      total 599040K, used 4544K [0x00000000da800000, 0x0000000100000000, 0x0000000100000000)
  eden space 583168K, 0% used [0x00000000da800000,0x00000000da800000,0x00000000fe180000)
  from space 15872K, 28% used [0x00000000ff080000,0x00000000ff4f00d0,0x0000000100000000)
  to   space 15360K, 0% used [0x00000000fe180000,0x00000000fe180000,0x00000000ff080000)
 ParOldGen       total 1228800K, used 1017135K [0x000000008f800000, 0x00000000da800000, 0x00000000da800000)
  object space 1228800K, 82% used [0x000000008f800000,0x00000000cd94bd18,0x00000000da800000)
 Metaspace       used 83574K, capacity 92300K, committed 92564K, reserved 1128448K
  class space    used 11106K, capacity 12889K, committed 12988K, reserved 1048576K
}
Event: 7275.955 GC heap before
{Heap before GC invocations=1342 (full 3):
 PSYoungGen      total 599040K, used 587712K [0x00000000da800000, 0x0000000100000000, 0x0000000100000000)
  eden space 583168K, 100% used [0x00000000da800000,0x00000000fe180000,0x00000000fe180000)
  from space 15872K, 28% used [0x00000000ff080000,0x00000000ff4f00d0,0x0000000100000000)
  to   space 15360K, 0% used [0x00000000fe180000,0x00000000fe180000,0x00000000ff080000)
 ParOldGen       total 1228800K, used 1017135K [0x000000008f800000, 0x00000000da800000, 0x00000000da800000)
  object space 1228800K, 82% used [0x000000008f800000,0x00000000cd94bd18,0x00000000da800000)
 Metaspace       used 83576K, capacity 92300K, committed 92564K, reserved 1128448K
  class space    used 11106K, capacity 12889K, committed 12988K, reserved 1048576K
Event: 7275.991 GC heap after
Heap after GC invocations=1342 (full 3):
 PSYoungGen      total 598528K, used 4320K [0x00000000da800000, 0x0000000100000000, 0x0000000100000000)
  eden space 583168K, 0% used [0x00000000da800000,0x00000000da800000,0x00000000fe180000)
  from space 15360K, 28% used [0x00000000fe180000,0x00000000fe5b80d0,0x00000000ff080000)
  to   space 14848K, 0% used [0x00000000ff180000,0x00000000ff180000,0x0000000100000000)
 ParOldGen       total 1228800K, used 1017311K [0x000000008f800000, 0x00000000da800000, 0x00000000da800000)
  object space 1228800K, 82% used [0x000000008f800000,0x00000000cd977d18,0x00000000da800000)
 Metaspace       used 83576K, capacity 92300K, committed 92564K, reserved 1128448K
  class space    used 11106K, capacity 12889K, committed 12988K, reserved 1048576K
}
Event: 7283.368 GC heap before
{Heap before GC invocations=1343 (full 3):
 PSYoungGen      total 598528K, used 587488K [0x00000000da800000, 0x0000000100000000, 0x0000000100000000)
  eden space 583168K, 100% used [0x00000000da800000,0x00000000fe180000,0x00000000fe180000)
  from space 15360K, 28% used [0x00000000fe180000,0x00000000fe5b80d0,0x00000000ff080000)
  to   space 14848K, 0% used [0x00000000ff180000,0x00000000ff180000,0x0000000100000000)
 ParOldGen       total 1228800K, used 1017311K [0x000000008f800000, 0x00000000da800000, 0x00000000da800000)
  object space 1228800K, 82% used [0x000000008f800000,0x00000000cd977d18,0x00000000da800000)
 Metaspace       used 83577K, capacity 92300K, committed 92564K, reserved 1128448K
  class space    used 11106K, capacity 12889K, committed 12988K, reserved 1048576K
Event: 7283.404 GC heap after
Heap after GC invocations=1343 (full 3):
 PSYoungGen      total 599552K, used 4160K [0x00000000da800000, 0x0000000100000000, 0x0000000100000000)
  eden space 584704K, 0% used [0x00000000da800000,0x00000000da800000,0x00000000fe300000)
  from space 14848K, 28% used [0x00000000ff180000,0x00000000ff5900d0,0x0000000100000000)
  to   space 14848K, 0% used [0x00000000fe300000,0x00000000fe300000,0x00000000ff180000)
 ParOldGen       total 1228800K, used 1017471K [0x000000008f800000, 0x00000000da800000, 0x00000000da800000)
  object space 1228800K, 82% used [0x000000008f800000,0x00000000cd99fd18,0x00000000da800000)
 Metaspace       used 83577K, capacity 92300K, committed 92564K, reserved 1128448K
  class space    used 11106K, capacity 12889K, committed 12988K, reserved 1048576K
}
Event: 7290.510 GC heap before
{Heap before GC invocations=1344 (full 3):
 PSYoungGen      total 599552K, used 588864K [0x00000000da800000, 0x0000000100000000, 0x0000000100000000)
  eden space 584704K, 100% used [0x00000000da800000,0x00000000fe300000,0x00000000fe300000)
  from space 14848K, 28% used [0x00000000ff180000,0x00000000ff5900d0,0x0000000100000000)
  to   space 14848K, 0% used [0x00000000fe300000,0x00000000fe300000,0x00000000ff180000)
 ParOldGen       total 1228800K, used 1017471K [0x000000008f800000, 0x00000000da800000, 0x00000000da800000)
  object space 1228800K, 82% used [0x000000008f800000,0x00000000cd99fd18,0x00000000da800000)
 Metaspace       used 83577K, capacity 92300K, committed 92564K, reserved 1128448K
  class space    used 11106K, capacity 12889K, committed 12988K, reserved 1048576K
Event: 7290.557 GC heap after
Heap after GC invocations=1344 (full 3):
 PSYoungGen      total 599552K, used 4608K [0x00000000da800000, 0x0000000100000000, 0x0000000100000000)
  eden space 584704K, 0% used [0x00000000da800000,0x00000000da800000,0x00000000fe300000)
  from space 14848K, 31% used [0x00000000fe300000,0x00000000fe780058,0x00000000ff180000)
  to   space 14336K, 0% used [0x00000000ff200000,0x00000000ff200000,0x0000000100000000)
 ParOldGen       total 1228800K, used 1018623K [0x000000008f800000, 0x00000000da800000, 0x00000000da800000)
  object space 1228800K, 82% used [0x000000008f800000,0x00000000cdabfdd8,0x00000000da800000)
 Metaspace       used 83577K, capacity 92300K, committed 92564K, reserved 1128448K
  class space    used 11106K, capacity 12889K, committed 12988K, reserved 1048576K
}
Event: 7296.719 GC heap before
{Heap before GC invocations=1345 (full 3):
 PSYoungGen      total 599552K, used 589312K [0x00000000da800000, 0x0000000100000000, 0x0000000100000000)
  eden space 584704K, 100% used [0x00000000da800000,0x00000000fe300000,0x00000000fe300000)
  from space 14848K, 31% used [0x00000000fe300000,0x00000000fe780058,0x00000000ff180000)
  to   space 14336K, 0% used [0x00000000ff200000,0x00000000ff200000,0x0000000100000000)
 ParOldGen       total 1228800K, used 1018623K [0x000000008f800000, 0x00000000da800000, 0x00000000da800000)
  object space 1228800K, 82% used [0x000000008f800000,0x00000000cdabfdd8,0x00000000da800000)
 Metaspace       used 83577K, capacity 92300K, committed 92564K, reserved 1128448K
  class space    used 11106K, capacity 12889K, committed 12988K, reserved 1048576K
Event: 7296.773 GC heap after
Heap after GC invocations=1345 (full 3):
 PSYoungGen      total 600576K, used 4800K [0x00000000da800000, 0x0000000100000000, 0x0000000100000000)
  eden space 586240K, 0% used [0x00000000da800000,0x00000000da800000,0x00000000fe480000)
  from space 14336K, 33% used [0x00000000ff200000,0x00000000ff6b0058,0x0000000100000000)
  to   space 13824K, 0% used [0x00000000fe480000,0x00000000fe480000,0x00000000ff200000)
 ParOldGen       total 1228800K, used 1018719K [0x000000008f800000, 0x00000000da800000, 0x00000000da800000)
  object space 1228800K, 82% used [0x000000008f800000,0x00000000cdad7dd8,0x00000000da800000)
 Metaspace       used 83577K, capacity 92300K, committed 92564K, reserved 1128448K
  class space    used 11106K, capacity 12889K, committed 12988K, reserved 1048576K
}

